2025-09-13 13:18:39,638 - root - INFO - ********** Run 1 starts. **********
2025-09-13 13:18:39,638 - root - INFO - configuration is Namespace(data_name='8days_dytag_small_text_en', pred_ratio=0.15, use_feature='bert', bwr=1980, time_window=86400, cm_order=True, batch_size=256, model_name='GraphMixer', gpu=0, num_neighbors=20, sample_neighbor_strategy='recent', time_scaling_factor=1e-06, num_walk_heads=8, num_heads=2, num_layers=2, walk_length=1, time_gap=2000, time_feat_dim=100, position_feat_dim=172, edge_bank_memory_mode='unlimited_memory', time_window_mode='fixed_proportion', patch_size=1, channel_embedding_dim=50, max_input_sequence_length=48, learning_rate=0.0001, dropout=0.1, num_epochs=200, optimizer='Adam', weight_decay=0.0, patience=5, val_ratio=0.15, test_ratio=0.15, num_runs=1, test_interval_epochs=10, negative_sample_strategy='random', load_best_configs=True, save_root='/data/jiarui_ji/llmggen/LLMGGen/lp_models/', data_root='/data/jiarui_ji/llmggen/LLMGGen/data/', device='cuda:0', seed=0, save_model_name='GraphMixer_seed0bert')
2025-09-13 13:18:39,638 - root - INFO - node feature size (5634, 128)
2025-09-13 13:18:39,638 - root - INFO - edge feature size (16962, 128)
2025-09-13 13:18:39,639 - root - INFO - node feature example [-0.40159065  1.3061011  -2.449399   -0.7349775   0.13368051]
2025-09-13 13:18:39,639 - root - INFO - edge feature example [-0.7235904   0.68711084 -1.9117035  -0.5845679   0.34808284]
2025-09-13 13:18:39,884 - root - INFO - model -> Sequential(
  (0): GraphMixer(
    (time_encoder): TimeEncoder(
      (w): Linear(in_features=1, out_features=100, bias=True)
    )
    (projection_layer): Linear(in_features=228, out_features=128, bias=True)
    (mlp_mixers): ModuleList(
      (0-1): 2 x MLPMixer(
        (token_norm): LayerNorm((20,), eps=1e-05, elementwise_affine=True)
        (token_feedforward): FeedForwardNet(
          (ffn): Sequential(
            (0): Linear(in_features=20, out_features=10, bias=True)
            (1): GELU(approximate='none')
            (2): Dropout(p=0.1, inplace=False)
            (3): Linear(in_features=10, out_features=20, bias=True)
            (4): Dropout(p=0.1, inplace=False)
          )
        )
        (channel_norm): LayerNorm((128,), eps=1e-05, elementwise_affine=True)
        (channel_feedforward): FeedForwardNet(
          (ffn): Sequential(
            (0): Linear(in_features=128, out_features=512, bias=True)
            (1): GELU(approximate='none')
            (2): Dropout(p=0.1, inplace=False)
            (3): Linear(in_features=512, out_features=128, bias=True)
            (4): Dropout(p=0.1, inplace=False)
          )
        )
      )
    )
    (output_layer): Linear(in_features=256, out_features=128, bias=True)
  )
  (1): MergeLayer(
    (fc1): Linear(in_features=256, out_features=128, bias=True)
    (fc2): Linear(in_features=128, out_features=1, bias=True)
    (act): ReLU()
  )
)
2025-09-13 13:18:39,884 - root - INFO - model name: GraphMixer, #parameters: 1440436 B, 1406.67578125 KB, 1.3737068176269531 MB.
2025-09-13 13:19:11,403 - root - INFO - Epoch: 10, learning rate: 0.0001, train loss: 0.5092
2025-09-13 13:19:11,403 - root - INFO - train average_precision, 0.8349
2025-09-13 13:19:11,403 - root - INFO - train roc_auc, 0.8102
2025-09-13 13:19:11,403 - root - INFO - validate loss: 0.4576
2025-09-13 13:19:11,403 - root - INFO - validate average_precision, 0.8773
2025-09-13 13:19:11,404 - root - INFO - validate roc_auc, 0.8635
2025-09-13 13:19:11,404 - root - INFO - new node validate loss: 0.7055
2025-09-13 13:19:11,404 - root - INFO - new node validate average_precision, 0.5947
2025-09-13 13:19:11,404 - root - INFO - new node validate roc_auc, 0.6526
2025-09-13 13:19:11,405 - root - INFO - save model /data/jiarui_ji/llmggen/LLMGGen/lp_models/saved_models/GraphMixer/8days_dytag_small_text_en/GraphMixer_seed0bert/GraphMixer_seed0bert.pkl
2025-09-13 13:19:12,003 - root - INFO - test loss: 0.4471
2025-09-13 13:19:12,003 - root - INFO - test average_precision, 0.8874
2025-09-13 13:19:12,003 - root - INFO - test roc_auc, 0.8769
2025-09-13 13:19:12,003 - root - INFO - new node test loss: 0.7357
2025-09-13 13:19:12,003 - root - INFO - new node test average_precision, 0.5794
2025-09-13 13:19:12,003 - root - INFO - new node test roc_auc, 0.6197
2025-09-13 13:19:43,652 - root - INFO - Epoch: 20, learning rate: 0.0001, train loss: 0.4900
2025-09-13 13:19:43,652 - root - INFO - train average_precision, 0.8493
2025-09-13 13:19:43,653 - root - INFO - train roc_auc, 0.8269
2025-09-13 13:19:43,653 - root - INFO - validate loss: 0.4507
2025-09-13 13:19:43,653 - root - INFO - validate average_precision, 0.8797
2025-09-13 13:19:43,653 - root - INFO - validate roc_auc, 0.8654
2025-09-13 13:19:43,653 - root - INFO - new node validate loss: 0.7151
2025-09-13 13:19:43,653 - root - INFO - new node validate average_precision, 0.5969
2025-09-13 13:19:43,654 - root - INFO - new node validate roc_auc, 0.6394
2025-09-13 13:19:43,655 - root - INFO - save model /data/jiarui_ji/llmggen/LLMGGen/lp_models/saved_models/GraphMixer/8days_dytag_small_text_en/GraphMixer_seed0bert/GraphMixer_seed0bert.pkl
2025-09-13 13:19:44,333 - root - INFO - test loss: 0.4337
2025-09-13 13:19:44,333 - root - INFO - test average_precision, 0.8940
2025-09-13 13:19:44,333 - root - INFO - test roc_auc, 0.8834
2025-09-13 13:19:44,333 - root - INFO - new node test loss: 0.7481
2025-09-13 13:19:44,333 - root - INFO - new node test average_precision, 0.5780
2025-09-13 13:19:44,333 - root - INFO - new node test roc_auc, 0.6063
2025-09-13 13:20:15,276 - root - INFO - Epoch: 30, learning rate: 0.0001, train loss: 0.4839
2025-09-13 13:20:15,276 - root - INFO - train average_precision, 0.8546
2025-09-13 13:20:15,276 - root - INFO - train roc_auc, 0.8347
2025-09-13 13:20:15,277 - root - INFO - validate loss: 0.4411
2025-09-13 13:20:15,277 - root - INFO - validate average_precision, 0.8850
2025-09-13 13:20:15,277 - root - INFO - validate roc_auc, 0.8703
2025-09-13 13:20:15,277 - root - INFO - new node validate loss: 0.7053
2025-09-13 13:20:15,277 - root - INFO - new node validate average_precision, 0.6101
2025-09-13 13:20:15,277 - root - INFO - new node validate roc_auc, 0.6495
2025-09-13 13:20:15,278 - root - INFO - save model /data/jiarui_ji/llmggen/LLMGGen/lp_models/saved_models/GraphMixer/8days_dytag_small_text_en/GraphMixer_seed0bert/GraphMixer_seed0bert.pkl
2025-09-13 13:20:15,960 - root - INFO - test loss: 0.4231
2025-09-13 13:20:15,961 - root - INFO - test average_precision, 0.8971
2025-09-13 13:20:15,961 - root - INFO - test roc_auc, 0.8862
2025-09-13 13:20:15,961 - root - INFO - new node test loss: 0.7422
2025-09-13 13:20:15,961 - root - INFO - new node test average_precision, 0.5857
2025-09-13 13:20:15,961 - root - INFO - new node test roc_auc, 0.6125
2025-09-13 13:20:50,440 - root - INFO - Epoch: 40, learning rate: 0.0001, train loss: 0.4746
2025-09-13 13:20:50,440 - root - INFO - train average_precision, 0.8604
2025-09-13 13:20:50,440 - root - INFO - train roc_auc, 0.8418
2025-09-13 13:20:50,440 - root - INFO - validate loss: 0.4388
2025-09-13 13:20:50,440 - root - INFO - validate average_precision, 0.8862
2025-09-13 13:20:50,440 - root - INFO - validate roc_auc, 0.8712
2025-09-13 13:20:50,441 - root - INFO - new node validate loss: 0.7085
2025-09-13 13:20:50,441 - root - INFO - new node validate average_precision, 0.6178
2025-09-13 13:20:50,441 - root - INFO - new node validate roc_auc, 0.6563
2025-09-13 13:20:50,441 - root - INFO - save model /data/jiarui_ji/llmggen/LLMGGen/lp_models/saved_models/GraphMixer/8days_dytag_small_text_en/GraphMixer_seed0bert/GraphMixer_seed0bert.pkl
2025-09-13 13:20:51,081 - root - INFO - test loss: 0.4190
2025-09-13 13:20:51,081 - root - INFO - test average_precision, 0.8993
2025-09-13 13:20:51,081 - root - INFO - test roc_auc, 0.8881
2025-09-13 13:20:51,081 - root - INFO - new node test loss: 0.7471
2025-09-13 13:20:51,081 - root - INFO - new node test average_precision, 0.5930
2025-09-13 13:20:51,082 - root - INFO - new node test roc_auc, 0.6166
2025-09-13 13:21:21,978 - root - INFO - Epoch: 50, learning rate: 0.0001, train loss: 0.4659
2025-09-13 13:21:21,978 - root - INFO - train average_precision, 0.8685
2025-09-13 13:21:21,978 - root - INFO - train roc_auc, 0.8493
2025-09-13 13:21:21,978 - root - INFO - validate loss: 0.4388
2025-09-13 13:21:21,978 - root - INFO - validate average_precision, 0.8861
2025-09-13 13:21:21,978 - root - INFO - validate roc_auc, 0.8704
2025-09-13 13:21:21,978 - root - INFO - new node validate loss: 0.7043
2025-09-13 13:21:21,978 - root - INFO - new node validate average_precision, 0.6343
2025-09-13 13:21:21,979 - root - INFO - new node validate roc_auc, 0.6679
2025-09-13 13:21:22,631 - root - INFO - test loss: 0.4187
2025-09-13 13:21:22,632 - root - INFO - test average_precision, 0.9006
2025-09-13 13:21:22,632 - root - INFO - test roc_auc, 0.8887
2025-09-13 13:21:22,632 - root - INFO - new node test loss: 0.7457
2025-09-13 13:21:22,632 - root - INFO - new node test average_precision, 0.6039
2025-09-13 13:21:22,632 - root - INFO - new node test roc_auc, 0.6228
2025-09-13 13:21:54,966 - root - INFO - Epoch: 60, learning rate: 0.0001, train loss: 0.4634
2025-09-13 13:21:54,966 - root - INFO - train average_precision, 0.8680
2025-09-13 13:21:54,966 - root - INFO - train roc_auc, 0.8519
2025-09-13 13:21:54,966 - root - INFO - validate loss: 0.4329
2025-09-13 13:21:54,967 - root - INFO - validate average_precision, 0.8903
2025-09-13 13:21:54,967 - root - INFO - validate roc_auc, 0.8744
2025-09-13 13:21:54,967 - root - INFO - new node validate loss: 0.6902
2025-09-13 13:21:54,967 - root - INFO - new node validate average_precision, 0.6378
2025-09-13 13:21:54,967 - root - INFO - new node validate roc_auc, 0.6746
2025-09-13 13:21:54,968 - root - INFO - save model /data/jiarui_ji/llmggen/LLMGGen/lp_models/saved_models/GraphMixer/8days_dytag_small_text_en/GraphMixer_seed0bert/GraphMixer_seed0bert.pkl
2025-09-13 13:21:55,616 - root - INFO - test loss: 0.4168
2025-09-13 13:21:55,616 - root - INFO - test average_precision, 0.9009
2025-09-13 13:21:55,616 - root - INFO - test roc_auc, 0.8888
2025-09-13 13:21:55,616 - root - INFO - new node test loss: 0.7386
2025-09-13 13:21:55,616 - root - INFO - new node test average_precision, 0.6039
2025-09-13 13:21:55,616 - root - INFO - new node test roc_auc, 0.6260
2025-09-13 13:22:27,177 - root - INFO - Epoch: 70, learning rate: 0.0001, train loss: 0.4546
2025-09-13 13:22:27,178 - root - INFO - train average_precision, 0.8727
2025-09-13 13:22:27,178 - root - INFO - train roc_auc, 0.8584
2025-09-13 13:22:27,178 - root - INFO - validate loss: 0.4311
2025-09-13 13:22:27,178 - root - INFO - validate average_precision, 0.8916
2025-09-13 13:22:27,178 - root - INFO - validate roc_auc, 0.8759
2025-09-13 13:22:27,178 - root - INFO - new node validate loss: 0.6955
2025-09-13 13:22:27,178 - root - INFO - new node validate average_precision, 0.6435
2025-09-13 13:22:27,179 - root - INFO - new node validate roc_auc, 0.6814
2025-09-13 13:22:27,179 - root - INFO - save model /data/jiarui_ji/llmggen/LLMGGen/lp_models/saved_models/GraphMixer/8days_dytag_small_text_en/GraphMixer_seed0bert/GraphMixer_seed0bert.pkl
2025-09-13 13:22:27,790 - root - INFO - test loss: 0.4138
2025-09-13 13:22:27,790 - root - INFO - test average_precision, 0.9018
2025-09-13 13:22:27,790 - root - INFO - test roc_auc, 0.8902
2025-09-13 13:22:27,790 - root - INFO - new node test loss: 0.7414
2025-09-13 13:22:27,791 - root - INFO - new node test average_precision, 0.6133
2025-09-13 13:22:27,791 - root - INFO - new node test roc_auc, 0.6367
2025-09-13 13:22:58,908 - root - INFO - Epoch: 80, learning rate: 0.0001, train loss: 0.4436
2025-09-13 13:22:58,908 - root - INFO - train average_precision, 0.8801
2025-09-13 13:22:58,908 - root - INFO - train roc_auc, 0.8648
2025-09-13 13:22:58,908 - root - INFO - validate loss: 0.4293
2025-09-13 13:22:58,908 - root - INFO - validate average_precision, 0.8935
2025-09-13 13:22:58,909 - root - INFO - validate roc_auc, 0.8776
2025-09-13 13:22:58,909 - root - INFO - new node validate loss: 0.7003
2025-09-13 13:22:58,909 - root - INFO - new node validate average_precision, 0.6446
2025-09-13 13:22:58,909 - root - INFO - new node validate roc_auc, 0.6878
2025-09-13 13:22:58,928 - root - INFO - save model /data/jiarui_ji/llmggen/LLMGGen/lp_models/saved_models/GraphMixer/8days_dytag_small_text_en/GraphMixer_seed0bert/GraphMixer_seed0bert.pkl
2025-09-13 13:22:59,629 - root - INFO - test loss: 0.4127
2025-09-13 13:22:59,630 - root - INFO - test average_precision, 0.9025
2025-09-13 13:22:59,630 - root - INFO - test roc_auc, 0.8908
2025-09-13 13:22:59,630 - root - INFO - new node test loss: 0.7442
2025-09-13 13:22:59,630 - root - INFO - new node test average_precision, 0.6215
2025-09-13 13:22:59,630 - root - INFO - new node test roc_auc, 0.6471
2025-09-13 13:23:29,951 - root - INFO - Epoch: 90, learning rate: 0.0001, train loss: 0.4412
2025-09-13 13:23:29,952 - root - INFO - train average_precision, 0.8796
2025-09-13 13:23:29,952 - root - INFO - train roc_auc, 0.8679
2025-09-13 13:23:29,952 - root - INFO - validate loss: 0.4375
2025-09-13 13:23:29,952 - root - INFO - validate average_precision, 0.8906
2025-09-13 13:23:29,952 - root - INFO - validate roc_auc, 0.8745
2025-09-13 13:23:29,953 - root - INFO - new node validate loss: 0.7103
2025-09-13 13:23:29,953 - root - INFO - new node validate average_precision, 0.6499
2025-09-13 13:23:29,953 - root - INFO - new node validate roc_auc, 0.6827
2025-09-13 13:23:30,607 - root - INFO - test loss: 0.4178
2025-09-13 13:23:30,607 - root - INFO - test average_precision, 0.9026
2025-09-13 13:23:30,607 - root - INFO - test roc_auc, 0.8893
2025-09-13 13:23:30,607 - root - INFO - new node test loss: 0.7526
2025-09-13 13:23:30,608 - root - INFO - new node test average_precision, 0.6290
2025-09-13 13:23:30,608 - root - INFO - new node test roc_auc, 0.6456
2025-09-13 13:24:01,123 - root - INFO - Epoch: 100, learning rate: 0.0001, train loss: 0.4307
2025-09-13 13:24:01,124 - root - INFO - train average_precision, 0.8865
2025-09-13 13:24:01,124 - root - INFO - train roc_auc, 0.8748
2025-09-13 13:24:01,124 - root - INFO - validate loss: 0.4385
2025-09-13 13:24:01,124 - root - INFO - validate average_precision, 0.8928
2025-09-13 13:24:01,124 - root - INFO - validate roc_auc, 0.8769
2025-09-13 13:24:01,125 - root - INFO - new node validate loss: 0.7046
2025-09-13 13:24:01,125 - root - INFO - new node validate average_precision, 0.6510
2025-09-13 13:24:01,125 - root - INFO - new node validate roc_auc, 0.6902
2025-09-13 13:24:01,771 - root - INFO - test loss: 0.4197
2025-09-13 13:24:01,771 - root - INFO - test average_precision, 0.9022
2025-09-13 13:24:01,771 - root - INFO - test roc_auc, 0.8893
2025-09-13 13:24:01,771 - root - INFO - new node test loss: 0.7432
2025-09-13 13:24:01,771 - root - INFO - new node test average_precision, 0.6409
2025-09-13 13:24:01,772 - root - INFO - new node test roc_auc, 0.6580
2025-09-13 13:24:33,208 - root - INFO - Epoch: 110, learning rate: 0.0001, train loss: 0.4221
2025-09-13 13:24:33,209 - root - INFO - train average_precision, 0.8896
2025-09-13 13:24:33,209 - root - INFO - train roc_auc, 0.8801
2025-09-13 13:24:33,209 - root - INFO - validate loss: 0.4517
2025-09-13 13:24:33,209 - root - INFO - validate average_precision, 0.8896
2025-09-13 13:24:33,209 - root - INFO - validate roc_auc, 0.8734
2025-09-13 13:24:33,209 - root - INFO - new node validate loss: 0.7058
2025-09-13 13:24:33,209 - root - INFO - new node validate average_precision, 0.6560
2025-09-13 13:24:33,209 - root - INFO - new node validate roc_auc, 0.6925
2025-09-13 13:24:33,808 - root - INFO - test loss: 0.4245
2025-09-13 13:24:33,808 - root - INFO - test average_precision, 0.9007
2025-09-13 13:24:33,808 - root - INFO - test roc_auc, 0.8884
2025-09-13 13:24:33,808 - root - INFO - new node test loss: 0.7411
2025-09-13 13:24:33,808 - root - INFO - new node test average_precision, 0.6524
2025-09-13 13:24:33,809 - root - INFO - new node test roc_auc, 0.6671
2025-09-13 13:25:05,866 - root - INFO - Epoch: 120, learning rate: 0.0001, train loss: 0.4171
2025-09-13 13:25:05,866 - root - INFO - train average_precision, 0.8921
2025-09-13 13:25:05,867 - root - INFO - train roc_auc, 0.8843
2025-09-13 13:25:05,867 - root - INFO - validate loss: 0.4563
2025-09-13 13:25:05,867 - root - INFO - validate average_precision, 0.8916
2025-09-13 13:25:05,867 - root - INFO - validate roc_auc, 0.8758
2025-09-13 13:25:05,867 - root - INFO - new node validate loss: 0.6875
2025-09-13 13:25:05,867 - root - INFO - new node validate average_precision, 0.6695
2025-09-13 13:25:05,867 - root - INFO - new node validate roc_auc, 0.7087
2025-09-13 13:25:06,524 - root - INFO - test loss: 0.4345
2025-09-13 13:25:06,524 - root - INFO - test average_precision, 0.9004
2025-09-13 13:25:06,524 - root - INFO - test roc_auc, 0.8878
2025-09-13 13:25:06,524 - root - INFO - new node test loss: 0.7223
2025-09-13 13:25:06,524 - root - INFO - new node test average_precision, 0.6692
2025-09-13 13:25:06,524 - root - INFO - new node test roc_auc, 0.6815
2025-09-13 13:25:37,281 - root - INFO - Epoch: 130, learning rate: 0.0001, train loss: 0.4047
2025-09-13 13:25:37,281 - root - INFO - train average_precision, 0.8995
2025-09-13 13:25:37,282 - root - INFO - train roc_auc, 0.8913
2025-09-13 13:25:37,282 - root - INFO - validate loss: 0.4525
2025-09-13 13:25:37,282 - root - INFO - validate average_precision, 0.8922
2025-09-13 13:25:37,282 - root - INFO - validate roc_auc, 0.8766
2025-09-13 13:25:37,282 - root - INFO - new node validate loss: 0.6948
2025-09-13 13:25:37,282 - root - INFO - new node validate average_precision, 0.6701
2025-09-13 13:25:37,283 - root - INFO - new node validate roc_auc, 0.7087
2025-09-13 13:25:37,283 - root - INFO - load model /data/jiarui_ji/llmggen/LLMGGen/lp_models/saved_models/GraphMixer/8days_dytag_small_text_en/GraphMixer_seed0bert/GraphMixer_seed0bert.pkl
2025-09-13 13:25:37,297 - root - INFO - get final performance on dataset 8days_dytag_small_text_en...
2025-09-13 13:25:38,735 - root - INFO - validate loss: 0.4293
2025-09-13 13:25:38,735 - root - INFO - validate average_precision, 0.8935
2025-09-13 13:25:38,735 - root - INFO - validate roc_auc, 0.8776
2025-09-13 13:25:38,736 - root - INFO - new node validate loss: 0.7003
2025-09-13 13:25:38,736 - root - INFO - new node validate average_precision, 0.6446
2025-09-13 13:25:38,736 - root - INFO - new node validate roc_auc, 0.6878
2025-09-13 13:25:38,736 - root - INFO - test loss: 0.4127
2025-09-13 13:25:38,736 - root - INFO - test average_precision, 0.9025
2025-09-13 13:25:38,736 - root - INFO - test roc_auc, 0.8908
2025-09-13 13:25:38,737 - root - INFO - new node test loss: 0.7442
2025-09-13 13:25:38,737 - root - INFO - new node test average_precision, 0.6215
2025-09-13 13:25:38,737 - root - INFO - new node test roc_auc, 0.6471
2025-09-13 13:25:38,737 - root - INFO - Run 1 cost 419.10 seconds.
2025-09-13 13:25:38,739 - root - INFO - metrics over 1 runs:
2025-09-13 13:25:38,739 - root - INFO - validate average_precision, [0.8934551550191807]
2025-09-13 13:25:38,739 - root - INFO - average validate average_precision, 0.8935 ± nan
2025-09-13 13:25:38,739 - root - INFO - validate roc_auc, [0.877599191785054]
2025-09-13 13:25:38,740 - root - INFO - average validate roc_auc, 0.8776 ± nan
2025-09-13 13:25:38,740 - root - INFO - new node validate average_precision, [0.6445849148393357]
2025-09-13 13:25:38,740 - root - INFO - average new node validate average_precision, 0.6446 ± nan
2025-09-13 13:25:38,740 - root - INFO - new node validate roc_auc, [0.6877811806698914]
2025-09-13 13:25:38,741 - root - INFO - average new node validate roc_auc, 0.6878 ± nan
2025-09-13 13:25:38,741 - root - INFO - test average_precision, [0.9025498578190686]
2025-09-13 13:25:38,741 - root - INFO - average test average_precision, 0.9025 ± nan
2025-09-13 13:25:38,741 - root - INFO - test roc_auc, [0.8908071594235604]
2025-09-13 13:25:38,742 - root - INFO - average test roc_auc, 0.8908 ± nan
2025-09-13 13:25:38,742 - root - INFO - new node test average_precision, [0.6215093697957869]
2025-09-13 13:25:38,742 - root - INFO - average new node test average_precision, 0.6215 ± nan
2025-09-13 13:25:38,743 - root - INFO - new node test roc_auc, [0.647130390625]
2025-09-13 13:25:38,743 - root - INFO - average new node test roc_auc, 0.6471 ± nan
